# JRE version: OpenJDK Runtime Environment (8.0_242-b01) (build 1.8.0_242-release-1644-b01)
# Java VM: OpenJDK 64-Bit Server VM (25.242-b01 mixed mode windows-amd64 compressed oops)
Heap:
 PSYoungGen      total 274432K, used 241318K [0x00000000d5580000, 0x00000000eb180000, 0x0000000100000000)
  eden space 245760K, 95% used [0x00000000d5580000,0x00000000e3a526b0,0x00000000e4580000)
  from space 28672K, 24% used [0x00000000e4580000,0x00000000e4c573e0,0x00000000e6180000)
  to   space 40960K, 0% used [0x00000000e8980000,0x00000000e8980000,0x00000000eb180000)
 ParOldGen       total 136704K, used 100834K [0x0000000080000000, 0x0000000088580000, 0x00000000d5580000)
  object space 136704K, 73% used [0x0000000080000000,0x0000000086278ba0,0x0000000088580000)
 Metaspace       used 108756K, capacity 113986K, committed 114968K, reserved 1148928K
  class space    used 14329K, capacity 15330K, committed 15664K, reserved 1048576K
GC Heap History (10 events):
Event: 38.244 GC heap before
{Heap before GC invocations=17 (full 3):
 PSYoungGen      total 243712K, used 236362K [0x00000000d5580000, 0x00000000e7980000, 0x0000000100000000)
  eden space 220160K, 100% used [0x00000000d5580000,0x00000000e2c80000,0x00000000e2c80000)
  from space 23552K, 68% used [0x00000000e2c80000,0x00000000e3c52938,0x00000000e4380000)
  to   space 24576K, 0% used [0x00000000e6180000,0x00000000e6180000,0x00000000e7980000)
 ParOldGen       total 136704K, used 44908K [0x0000000080000000, 0x0000000088580000, 0x00000000d5580000)
  object space 136704K, 32% used [0x0000000080000000,0x0000000082bdb290,0x0000000088580000)
 Metaspace       used 74819K, capacity 78408K, committed 78616K, reserved 1118208K
  class space    used 10049K, capacity 10709K, committed 10800K, reserved 1048576K
Event: 38.273 GC heap after
Heap after GC invocations=17 (full 3):
 PSYoungGen      total 270336K, used 24559K [0x00000000d5580000, 0x00000000e7f00000, 0x0000000100000000)
  eden space 245760K, 0% used [0x00000000d5580000,0x00000000d5580000,0x00000000e4580000)
  from space 24576K, 99% used [0x00000000e6180000,0x00000000e797bee0,0x00000000e7980000)
  to   space 28672K, 0% used [0x00000000e4580000,0x00000000e4580000,0x00000000e6180000)
 ParOldGen       total 136704K, used 46054K [0x0000000080000000, 0x0000000088580000, 0x00000000d5580000)
  object space 136704K, 33% used [0x0000000080000000,0x0000000082cf9a90,0x0000000088580000)
 Metaspace       used 74819K, capacity 78408K, committed 78616K, reserved 1118208K
  class space    used 10049K, capacity 10709K, committed 10800K, reserved 1048576K
}
Event: 46.193 GC heap before
{Heap before GC invocations=18 (full 3):
 PSYoungGen      total 270336K, used 270319K [0x00000000d5580000, 0x00000000e7f00000, 0x0000000100000000)
  eden space 245760K, 100% used [0x00000000d5580000,0x00000000e4580000,0x00000000e4580000)
  from space 24576K, 99% used [0x00000000e6180000,0x00000000e797bee0,0x00000000e7980000)
  to   space 28672K, 0% used [0x00000000e4580000,0x00000000e4580000,0x00000000e6180000)
 ParOldGen       total 136704K, used 46054K [0x0000000080000000, 0x0000000088580000, 0x00000000d5580000)
  object space 136704K, 33% used [0x0000000080000000,0x0000000082cf9a90,0x0000000088580000)
 Metaspace       used 91307K, capacity 96542K, committed 96792K, reserved 1132544K
  class space    used 12295K, capacity 13327K, committed 13360K, reserved 1048576K
Event: 46.257 GC heap after
Heap after GC invocations=18 (full 3):
 PSYoungGen      total 274432K, used 28657K [0x00000000d5580000, 0x00000000eb180000, 0x0000000100000000)
  eden space 245760K, 0% used [0x00000000d5580000,0x00000000d5580000,0x00000000e4580000)
  from space 28672K, 99% used [0x00000000e4580000,0x00000000e617c7c8,0x00000000e6180000)
  to   space 40960K, 0% used [0x00000000e8980000,0x00000000e8980000,0x00000000eb180000)
 ParOldGen       total 136704K, used 67639K [0x0000000080000000, 0x0000000088580000, 0x00000000d5580000)
  object space 136704K, 49% used [0x0000000080000000,0x000000008420ded8,0x0000000088580000)
 Metaspace       used 91307K, capacity 96542K, committed 96792K, reserved 1132544K
  class space    used 12295K, capacity 13327K, committed 13360K, reserved 1048576K
}
Event: 48.862 GC heap before
{Heap before GC invocations=19 (full 3):
 PSYoungGen      total 274432K, used 242444K [0x00000000d5580000, 0x00000000eb180000, 0x0000000100000000)
  eden space 245760K, 86% used [0x00000000d5580000,0x00000000e2646b28,0x00000000e4580000)
  from space 28672K, 99% used [0x00000000e4580000,0x00000000e617c7c8,0x00000000e6180000)
  to   space 40960K, 0% used [0x00000000e8980000,0x00000000e8980000,0x00000000eb180000)
 ParOldGen       total 136704K, used 67639K [0x0000000080000000, 0x0000000088580000, 0x00000000d5580000)
  object space 136704K, 49% used [0x0000000080000000,0x000000008420ded8,0x0000000088580000)
 Metaspace       used 92925K, capacity 98522K, committed 98584K, reserved 1134592K
  class space    used 12518K, capacity 13607K, committed 13616K, reserved 1048576K
Event: 48.961 GC heap after
Heap after GC invocations=19 (full 3):
 PSYoungGen      total 286720K, used 40929K [0x00000000d5580000, 0x00000000eb180000, 0x0000000100000000)
  eden space 245760K, 0% used [0x00000000d5580000,0x00000000d5580000,0x00000000e4580000)
  from space 40960K, 99% used [0x00000000e8980000,0x00000000eb178418,0x00000000eb180000)
  to   space 28672K, 0% used [0x00000000e4580000,0x00000000e4580000,0x00000000e6180000)
 ParOldGen       total 136704K, used 95670K [0x0000000080000000, 0x0000000088580000, 0x00000000d5580000)
  object space 136704K, 69% used [0x0000000080000000,0x0000000085d6d9d0,0x0000000088580000)
 Metaspace       used 92925K, capacity 98522K, committed 98584K, reserved 1134592K
  class space    used 12518K, capacity 13607K, committed 13616K, reserved 1048576K
}
Event: 48.961 GC heap before
{Heap before GC invocations=20 (full 4):
 PSYoungGen      total 286720K, used 40929K [0x00000000d5580000, 0x00000000eb180000, 0x0000000100000000)
  eden space 245760K, 0% used [0x00000000d5580000,0x00000000d5580000,0x00000000e4580000)
  from space 40960K, 99% used [0x00000000e8980000,0x00000000eb178418,0x00000000eb180000)
  to   space 28672K, 0% used [0x00000000e4580000,0x00000000e4580000,0x00000000e6180000)
 ParOldGen       total 136704K, used 95670K [0x0000000080000000, 0x0000000088580000, 0x00000000d5580000)
  object space 136704K, 69% used [0x0000000080000000,0x0000000085d6d9d0,0x0000000088580000)
 Metaspace       used 92925K, capacity 98522K, committed 98584K, reserved 1134592K
  class space    used 12518K, capacity 13607K, committed 13616K, reserved 1048576K
Event: 49.336 GC heap after
Heap after GC invocations=20 (full 4):
 PSYoungGen      total 286720K, used 0K [0x00000000d5580000, 0x00000000eb180000, 0x0000000100000000)
  eden space 245760K, 0% used [0x00000000d5580000,0x00000000d5580000,0x00000000e4580000)
  from space 40960K, 0% used [0x00000000e8980000,0x00000000e8980000,0x00000000eb180000)
  to   space 28672K, 0% used [0x00000000e4580000,0x00000000e4580000,0x00000000e6180000)
 ParOldGen       total 136704K, used 100826K [0x0000000080000000, 0x0000000088580000, 0x00000000d5580000)
  object space 136704K, 73% used [0x0000000080000000,0x0000000086276ba0,0x0000000088580000)
 Metaspace       used 92216K, capacity 96808K, committed 98584K, reserved 1134592K
  class space    used 12269K, capacity 13160K, committed 13616K, reserved 1048576K
}
Event: 52.117 GC heap before
{Heap before GC invocations=21 (full 4):
 PSYoungGen      total 286720K, used 245760K [0x00000000d5580000, 0x00000000eb180000, 0x0000000100000000)
  eden space 245760K, 100% used [0x00000000d5580000,0x00000000e4580000,0x00000000e4580000)
  from space 40960K, 0% used [0x00000000e8980000,0x00000000e8980000,0x00000000eb180000)
  to   space 28672K, 0% used [0x00000000e4580000,0x00000000e4580000,0x00000000e6180000)
 ParOldGen       total 136704K, used 100826K [0x0000000080000000, 0x0000000088580000, 0x00000000d5580000)
  object space 136704K, 73% used [0x0000000080000000,0x0000000086276ba0,0x0000000088580000)
 Metaspace       used 93211K, capacity 97894K, committed 99480K, reserved 1134592K
  class space    used 12386K, capacity 13303K, committed 13744K, reserved 1048576K
Event: 52.124 GC heap after
Heap after GC invocations=21 (full 4):
 PSYoungGen      total 274432K, used 7004K [0x00000000d5580000, 0x00000000eb180000, 0x0000000100000000)
  eden space 245760K, 0% used [0x00000000d5580000,0x00000000d5580000,0x00000000e4580000)
  from space 28672K, 24% used [0x00000000e4580000,0x00000000e4c573e0,0x00000000e6180000)
  to   space 40960K, 0% used [0x00000000e8980000,0x00000000e8980000,0x00000000eb180000)
 ParOldGen       total 136704K, used 100834K [0x0000000080000000, 0x0000000088580000, 0x00000000d5580000)
  object space 136704K, 73% used [0x0000000080000000,0x0000000086278ba0,0x0000000088580000)
 Metaspace       used 93211K, capacity 97894K, committed 99480K, reserved 1134592K
  class space    used 12386K, capacity 13303K, committed 13744K, reserved 1048576K
}

