# JRE version: OpenJDK Runtime Environment (8.0_242-b01) (build 1.8.0_242-release-1644-b01)
# Java VM: OpenJDK 64-Bit Server VM (25.242-b01 mixed mode windows-amd64 compressed oops)
Heap:
 PSYoungGen      total 204800K, used 29599K [0x00000000d5580000, 0x00000000e7000000, 0x0000000100000000)
  eden space 185344K, 15% used [0x00000000d5580000,0x00000000d7267f98,0x00000000e0a80000)
  from space 19456K, 0% used [0x00000000e0a80000,0x00000000e0a80000,0x00000000e1d80000)
  to   space 19456K, 0% used [0x00000000e5d00000,0x00000000e5d00000,0x00000000e7000000)
 ParOldGen       total 58880K, used 30956K [0x0000000080000000, 0x0000000083980000, 0x00000000d5580000)
  object space 58880K, 52% used [0x0000000080000000,0x0000000081e3b278,0x0000000083980000)
 Metaspace       used 58655K, capacity 61038K, committed 61336K, reserved 1101824K
  class space    used 8097K, capacity 8592K, committed 8624K, reserved 1048576K
GC Heap History (10 events):
Event: 4.075 GC heap before
{Heap before GC invocations=12 (full 2):
 PSYoungGen      total 151552K, used 9535K [0x00000000d5580000, 0x00000000df680000, 0x0000000100000000)
  eden space 140288K, 0% used [0x00000000d5580000,0x00000000d5580000,0x00000000dde80000)
  from space 11264K, 84% used [0x00000000deb80000,0x00000000df4cfe40,0x00000000df680000)
  to   space 12288K, 0% used [0x00000000dde80000,0x00000000dde80000,0x00000000dea80000)
 ParOldGen       total 38912K, used 8837K [0x0000000080000000, 0x0000000082600000, 0x00000000d5580000)
  object space 38912K, 22% used [0x0000000080000000,0x00000000808a1790,0x0000000082600000)
 Metaspace       used 34283K, capacity 35410K, committed 35496K, reserved 1079296K
  class space    used 4723K, capacity 5002K, committed 5040K, reserved 1048576K
Event: 4.122 GC heap after
Heap after GC invocations=12 (full 2):
 PSYoungGen      total 151552K, used 0K [0x00000000d5580000, 0x00000000df680000, 0x0000000100000000)
  eden space 140288K, 0% used [0x00000000d5580000,0x00000000d5580000,0x00000000dde80000)
  from space 11264K, 0% used [0x00000000deb80000,0x00000000deb80000,0x00000000df680000)
  to   space 12288K, 0% used [0x00000000dde80000,0x00000000dde80000,0x00000000dea80000)
 ParOldGen       total 58880K, used 15838K [0x0000000080000000, 0x0000000083980000, 0x00000000d5580000)
  object space 58880K, 26% used [0x0000000080000000,0x0000000080f77a78,0x0000000083980000)
 Metaspace       used 34283K, capacity 35410K, committed 35496K, reserved 1079296K
  class space    used 4723K, capacity 5002K, committed 5040K, reserved 1048576K
}
Event: 5.231 GC heap before
{Heap before GC invocations=13 (full 2):
 PSYoungGen      total 151552K, used 140288K [0x00000000d5580000, 0x00000000df680000, 0x0000000100000000)
  eden space 140288K, 100% used [0x00000000d5580000,0x00000000dde80000,0x00000000dde80000)
  from space 11264K, 0% used [0x00000000deb80000,0x00000000deb80000,0x00000000df680000)
  to   space 12288K, 0% used [0x00000000dde80000,0x00000000dde80000,0x00000000dea80000)
 ParOldGen       total 58880K, used 15838K [0x0000000080000000, 0x0000000083980000, 0x00000000d5580000)
  object space 58880K, 26% used [0x0000000080000000,0x0000000080f77a78,0x0000000083980000)
 Metaspace       used 41171K, capacity 42868K, committed 43176K, reserved 1087488K
  class space    used 5638K, capacity 6010K, committed 6064K, reserved 1048576K
Event: 5.241 GC heap after
Heap after GC invocations=13 (full 2):
 PSYoungGen      total 152576K, used 11689K [0x00000000d5580000, 0x00000000e2b00000, 0x0000000100000000)
  eden space 140288K, 0% used [0x00000000d5580000,0x00000000d5580000,0x00000000dde80000)
  from space 12288K, 95% used [0x00000000dde80000,0x00000000de9ea450,0x00000000dea80000)
  to   space 13824K, 0% used [0x00000000e1d80000,0x00000000e1d80000,0x00000000e2b00000)
 ParOldGen       total 58880K, used 15846K [0x0000000080000000, 0x0000000083980000, 0x00000000d5580000)
  object space 58880K, 26% used [0x0000000080000000,0x0000000080f79a78,0x0000000083980000)
 Metaspace       used 41171K, capacity 42868K, committed 43176K, reserved 1087488K
  class space    used 5638K, capacity 6010K, committed 6064K, reserved 1048576K
}
Event: 7.206 GC heap before
{Heap before GC invocations=14 (full 2):
 PSYoungGen      total 152576K, used 151977K [0x00000000d5580000, 0x00000000e2b00000, 0x0000000100000000)
  eden space 140288K, 100% used [0x00000000d5580000,0x00000000dde80000,0x00000000dde80000)
  from space 12288K, 95% used [0x00000000dde80000,0x00000000de9ea450,0x00000000dea80000)
  to   space 13824K, 0% used [0x00000000e1d80000,0x00000000e1d80000,0x00000000e2b00000)
 ParOldGen       total 58880K, used 15846K [0x0000000080000000, 0x0000000083980000, 0x00000000d5580000)
  object space 58880K, 26% used [0x0000000080000000,0x0000000080f79a78,0x0000000083980000)
 Metaspace       used 54451K, capacity 56594K, committed 56872K, reserved 1097728K
  class space    used 7413K, capacity 7898K, committed 7984K, reserved 1048576K
Event: 7.225 GC heap after
Heap after GC invocations=14 (full 2):
 PSYoungGen      total 199168K, used 13818K [0x00000000d5580000, 0x00000000e3280000, 0x0000000100000000)
  eden space 185344K, 0% used [0x00000000d5580000,0x00000000d5580000,0x00000000e0a80000)
  from space 13824K, 99% used [0x00000000e1d80000,0x00000000e2afea98,0x00000000e2b00000)
  to   space 19456K, 0% used [0x00000000e0a80000,0x00000000e0a80000,0x00000000e1d80000)
 ParOldGen       total 58880K, used 26521K [0x0000000080000000, 0x0000000083980000, 0x00000000d5580000)
  object space 58880K, 45% used [0x0000000080000000,0x00000000819e6578,0x0000000083980000)
 Metaspace       used 54451K, capacity 56594K, committed 56872K, reserved 1097728K
  class space    used 7413K, capacity 7898K, committed 7984K, reserved 1048576K
}
Event: 7.593 GC heap before
{Heap before GC invocations=15 (full 2):
 PSYoungGen      total 199168K, used 46366K [0x00000000d5580000, 0x00000000e3280000, 0x0000000100000000)
  eden space 185344K, 17% used [0x00000000d5580000,0x00000000d7548d70,0x00000000e0a80000)
  from space 13824K, 99% used [0x00000000e1d80000,0x00000000e2afea98,0x00000000e2b00000)
  to   space 19456K, 0% used [0x00000000e0a80000,0x00000000e0a80000,0x00000000e1d80000)
 ParOldGen       total 58880K, used 26521K [0x0000000080000000, 0x0000000083980000, 0x00000000d5580000)
  object space 58880K, 45% used [0x0000000080000000,0x00000000819e6578,0x0000000083980000)
 Metaspace       used 56773K, capacity 59114K, committed 59160K, reserved 1099776K
  class space    used 7763K, capacity 8234K, committed 8240K, reserved 1048576K
Event: 7.607 GC heap after
Heap after GC invocations=15 (full 2):
 PSYoungGen      total 204800K, used 3239K [0x00000000d5580000, 0x00000000e7000000, 0x0000000100000000)
  eden space 185344K, 0% used [0x00000000d5580000,0x00000000d5580000,0x00000000e0a80000)
  from space 19456K, 16% used [0x00000000e0a80000,0x00000000e0da9f38,0x00000000e1d80000)
  to   space 19456K, 0% used [0x00000000e5d00000,0x00000000e5d00000,0x00000000e7000000)
 ParOldGen       total 58880K, used 36408K [0x0000000080000000, 0x0000000083980000, 0x00000000d5580000)
  object space 58880K, 61% used [0x0000000080000000,0x000000008238e020,0x0000000083980000)
 Metaspace       used 56773K, capacity 59114K, committed 59160K, reserved 1099776K
  class space    used 7763K, capacity 8234K, committed 8240K, reserved 1048576K
}
Event: 7.607 GC heap before
{Heap before GC invocations=16 (full 3):
 PSYoungGen      total 204800K, used 3239K [0x00000000d5580000, 0x00000000e7000000, 0x0000000100000000)
  eden space 185344K, 0% used [0x00000000d5580000,0x00000000d5580000,0x00000000e0a80000)
  from space 19456K, 16% used [0x00000000e0a80000,0x00000000e0da9f38,0x00000000e1d80000)
  to   space 19456K, 0% used [0x00000000e5d00000,0x00000000e5d00000,0x00000000e7000000)
 ParOldGen       total 58880K, used 36408K [0x0000000080000000, 0x0000000083980000, 0x00000000d5580000)
  object space 58880K, 61% used [0x0000000080000000,0x000000008238e020,0x0000000083980000)
 Metaspace       used 56773K, capacity 59114K, committed 59160K, reserved 1099776K
  class space    used 7763K, capacity 8234K, committed 8240K, reserved 1048576K
Event: 7.801 GC heap after
Heap after GC invocations=16 (full 3):
 PSYoungGen      total 204800K, used 0K [0x00000000d5580000, 0x00000000e7000000, 0x0000000100000000)
  eden space 185344K, 0% used [0x00000000d5580000,0x00000000d5580000,0x00000000e0a80000)
  from space 19456K, 0% used [0x00000000e0a80000,0x00000000e0a80000,0x00000000e1d80000)
  to   space 19456K, 0% used [0x00000000e5d00000,0x00000000e5d00000,0x00000000e7000000)
 ParOldGen       total 58880K, used 30956K [0x0000000080000000, 0x0000000083980000, 0x00000000d5580000)
  object space 58880K, 52% used [0x0000000080000000,0x0000000081e3b278,0x0000000083980000)
 Metaspace       used 56756K, capacity 59060K, committed 59160K, reserved 1099776K
  class space    used 7758K, capacity 8225K, committed 8240K, reserved 1048576K
}

