# JRE version: OpenJDK Runtime Environment (8.0_242-b01) (build 1.8.0_242-release-1644-b01)
# Java VM: OpenJDK 64-Bit Server VM (25.242-b01 mixed mode windows-amd64 compressed oops)
Heap:
 PSYoungGen      total 265728K, used 181628K [0x00000000d5580000, 0x00000000ec180000, 0x0000000100000000)
  eden space 249856K, 72% used [0x00000000d5580000,0x00000000e06df2d8,0x00000000e4980000)
  from space 15872K, 0% used [0x00000000e4980000,0x00000000e4980000,0x00000000e5900000)
  to   space 22016K, 0% used [0x00000000eac00000,0x00000000eac00000,0x00000000ec180000)
 ParOldGen       total 97792K, used 37238K [0x0000000080000000, 0x0000000085f80000, 0x00000000d5580000)
  object space 97792K, 38% used [0x0000000080000000,0x000000008245da60,0x0000000085f80000)
 Metaspace       used 64424K, capacity 67386K, committed 67608K, reserved 1107968K
  class space    used 8891K, capacity 9430K, committed 9520K, reserved 1048576K
GC Heap History (10 events):
Event: 3.625 GC heap before
{Heap before GC invocations=10 (full 1):
 PSYoungGen      total 183296K, used 73548K [0x00000000d5580000, 0x00000000e2680000, 0x0000000100000000)
  eden space 173056K, 36% used [0x00000000d5580000,0x00000000d9359488,0x00000000dfe80000)
  from space 10240K, 99% used [0x00000000e1c80000,0x00000000e2679cf0,0x00000000e2680000)
  to   space 12288K, 0% used [0x00000000e0e80000,0x00000000e0e80000,0x00000000e1a80000)
 ParOldGen       total 39936K, used 7876K [0x0000000080000000, 0x0000000082700000, 0x00000000d5580000)
  object space 39936K, 19% used [0x0000000080000000,0x00000000807b12c8,0x0000000082700000)
 Metaspace       used 34288K, capacity 35410K, committed 35496K, reserved 1079296K
  class space    used 4713K, capacity 5002K, committed 5040K, reserved 1048576K
Event: 3.635 GC heap after
Heap after GC invocations=10 (full 1):
 PSYoungGen      total 201728K, used 9520K [0x00000000d5580000, 0x00000000e6600000, 0x0000000100000000)
  eden space 189440K, 0% used [0x00000000d5580000,0x00000000d5580000,0x00000000e0e80000)
  from space 12288K, 77% used [0x00000000e0e80000,0x00000000e17cc060,0x00000000e1a80000)
  to   space 13312K, 0% used [0x00000000e5900000,0x00000000e5900000,0x00000000e6600000)
 ParOldGen       total 39936K, used 7884K [0x0000000080000000, 0x0000000082700000, 0x00000000d5580000)
  object space 39936K, 19% used [0x0000000080000000,0x00000000807b32c8,0x0000000082700000)
 Metaspace       used 34288K, capacity 35410K, committed 35496K, reserved 1079296K
  class space    used 4713K, capacity 5002K, committed 5040K, reserved 1048576K
}
Event: 3.635 GC heap before
{Heap before GC invocations=11 (full 2):
 PSYoungGen      total 201728K, used 9520K [0x00000000d5580000, 0x00000000e6600000, 0x0000000100000000)
  eden space 189440K, 0% used [0x00000000d5580000,0x00000000d5580000,0x00000000e0e80000)
  from space 12288K, 77% used [0x00000000e0e80000,0x00000000e17cc060,0x00000000e1a80000)
  to   space 13312K, 0% used [0x00000000e5900000,0x00000000e5900000,0x00000000e6600000)
 ParOldGen       total 39936K, used 7884K [0x0000000080000000, 0x0000000082700000, 0x00000000d5580000)
  object space 39936K, 19% used [0x0000000080000000,0x00000000807b32c8,0x0000000082700000)
 Metaspace       used 34288K, capacity 35410K, committed 35496K, reserved 1079296K
  class space    used 4713K, capacity 5002K, committed 5040K, reserved 1048576K
Event: 3.681 GC heap after
Heap after GC invocations=11 (full 2):
 PSYoungGen      total 201728K, used 0K [0x00000000d5580000, 0x00000000e6600000, 0x0000000100000000)
  eden space 189440K, 0% used [0x00000000d5580000,0x00000000d5580000,0x00000000e0e80000)
  from space 12288K, 0% used [0x00000000e0e80000,0x00000000e0e80000,0x00000000e1a80000)
  to   space 13312K, 0% used [0x00000000e5900000,0x00000000e5900000,0x00000000e6600000)
 ParOldGen       total 59904K, used 15785K [0x0000000080000000, 0x0000000083a80000, 0x00000000d5580000)
  object space 59904K, 26% used [0x0000000080000000,0x0000000080f6a650,0x0000000083a80000)
 Metaspace       used 34288K, capacity 35410K, committed 35496K, reserved 1079296K
  class space    used 4713K, capacity 5002K, committed 5040K, reserved 1048576K
}
Event: 5.111 GC heap before
{Heap before GC invocations=12 (full 2):
 PSYoungGen      total 201728K, used 189440K [0x00000000d5580000, 0x00000000e6600000, 0x0000000100000000)
  eden space 189440K, 100% used [0x00000000d5580000,0x00000000e0e80000,0x00000000e0e80000)
  from space 12288K, 0% used [0x00000000e0e80000,0x00000000e0e80000,0x00000000e1a80000)
  to   space 13312K, 0% used [0x00000000e5900000,0x00000000e5900000,0x00000000e6600000)
 ParOldGen       total 59904K, used 15785K [0x0000000080000000, 0x0000000083a80000, 0x00000000d5580000)
  object space 59904K, 26% used [0x0000000080000000,0x0000000080f6a650,0x0000000083a80000)
 Metaspace       used 45407K, capacity 47162K, committed 47528K, reserved 1089536K
  class space    used 6137K, capacity 6483K, committed 6576K, reserved 1048576K
Event: 5.126 GC heap after
Heap after GC invocations=12 (full 2):
 PSYoungGen      total 263168K, used 13308K [0x00000000d5580000, 0x00000000e6d00000, 0x0000000100000000)
  eden space 249856K, 0% used [0x00000000d5580000,0x00000000d5580000,0x00000000e4980000)
  from space 13312K, 99% used [0x00000000e5900000,0x00000000e65ff3a0,0x00000000e6600000)
  to   space 15872K, 0% used [0x00000000e4980000,0x00000000e4980000,0x00000000e5900000)
 ParOldGen       total 59904K, used 18269K [0x0000000080000000, 0x0000000083a80000, 0x00000000d5580000)
  object space 59904K, 30% used [0x0000000080000000,0x00000000811d7770,0x0000000083a80000)
 Metaspace       used 45407K, capacity 47162K, committed 47528K, reserved 1089536K
  class space    used 6137K, capacity 6483K, committed 6576K, reserved 1048576K
}
Event: 7.659 GC heap before
{Heap before GC invocations=13 (full 2):
 PSYoungGen      total 263168K, used 158131K [0x00000000d5580000, 0x00000000e6d00000, 0x0000000100000000)
  eden space 249856K, 57% used [0x00000000d5580000,0x00000000de2ed8e0,0x00000000e4980000)
  from space 13312K, 99% used [0x00000000e5900000,0x00000000e65ff3a0,0x00000000e6600000)
  to   space 15872K, 0% used [0x00000000e4980000,0x00000000e4980000,0x00000000e5900000)
 ParOldGen       total 59904K, used 18269K [0x0000000080000000, 0x0000000083a80000, 0x00000000d5580000)
  object space 59904K, 30% used [0x0000000080000000,0x00000000811d7770,0x0000000083a80000)
 Metaspace       used 56777K, capacity 59078K, committed 59160K, reserved 1099776K
  class space    used 7766K, capacity 8238K, committed 8240K, reserved 1048576K
Event: 7.683 GC heap after
Heap after GC invocations=13 (full 2):
 PSYoungGen      total 265728K, used 15871K [0x00000000d5580000, 0x00000000ec180000, 0x0000000100000000)
  eden space 249856K, 0% used [0x00000000d5580000,0x00000000d5580000,0x00000000e4980000)
  from space 15872K, 99% used [0x00000000e4980000,0x00000000e58ffd40,0x00000000e5900000)
  to   space 22016K, 0% used [0x00000000eac00000,0x00000000eac00000,0x00000000ec180000)
 ParOldGen       total 59904K, used 28033K [0x0000000080000000, 0x0000000083a80000, 0x00000000d5580000)
  object space 59904K, 46% used [0x0000000080000000,0x0000000081b60608,0x0000000083a80000)
 Metaspace       used 56777K, capacity 59078K, committed 59160K, reserved 1099776K
  class space    used 7766K, capacity 8238K, committed 8240K, reserved 1048576K
}
Event: 7.683 GC heap before
{Heap before GC invocations=14 (full 3):
 PSYoungGen      total 265728K, used 15871K [0x00000000d5580000, 0x00000000ec180000, 0x0000000100000000)
  eden space 249856K, 0% used [0x00000000d5580000,0x00000000d5580000,0x00000000e4980000)
  from space 15872K, 99% used [0x00000000e4980000,0x00000000e58ffd40,0x00000000e5900000)
  to   space 22016K, 0% used [0x00000000eac00000,0x00000000eac00000,0x00000000ec180000)
 ParOldGen       total 59904K, used 28033K [0x0000000080000000, 0x0000000083a80000, 0x00000000d5580000)
  object space 59904K, 46% used [0x0000000080000000,0x0000000081b60608,0x0000000083a80000)
 Metaspace       used 56777K, capacity 59078K, committed 59160K, reserved 1099776K
  class space    used 7766K, capacity 8238K, committed 8240K, reserved 1048576K
Event: 7.839 GC heap after
Heap after GC invocations=14 (full 3):
 PSYoungGen      total 265728K, used 0K [0x00000000d5580000, 0x00000000ec180000, 0x0000000100000000)
  eden space 249856K, 0% used [0x00000000d5580000,0x00000000d5580000,0x00000000e4980000)
  from space 15872K, 0% used [0x00000000e4980000,0x00000000e4980000,0x00000000e5900000)
  to   space 22016K, 0% used [0x00000000eac00000,0x00000000eac00000,0x00000000ec180000)
 ParOldGen       total 97792K, used 37238K [0x0000000080000000, 0x0000000085f80000, 0x00000000d5580000)
  object space 97792K, 38% used [0x0000000080000000,0x000000008245da60,0x0000000085f80000)
 Metaspace       used 56754K, capacity 59000K, committed 59160K, reserved 1099776K
  class space    used 7759K, capacity 8225K, committed 8240K, reserved 1048576K
}

