# JRE version: OpenJDK Runtime Environment (8.0_242-b01) (build 1.8.0_242-release-1644-b01)
# Java VM: OpenJDK 64-Bit Server VM (25.242-b01 mixed mode windows-amd64 compressed oops)
Heap:
 PSYoungGen      total 197632K, used 34640K [0x00000000d5580000, 0x00000000e4480000, 0x0000000100000000)
  eden space 166400K, 20% used [0x00000000d5580000,0x00000000d7754220,0x00000000df800000)
  from space 31232K, 0% used [0x00000000e1d80000,0x00000000e1d80000,0x00000000e3c00000)
  to   space 38400K, 0% used [0x00000000df800000,0x00000000df800000,0x00000000e1d80000)
 ParOldGen       total 182784K, used 61663K [0x0000000080000000, 0x000000008b280000, 0x00000000d5580000)
  object space 182784K, 33% used [0x0000000080000000,0x0000000083c37cf0,0x000000008b280000)
 Metaspace       used 96219K, capacity 100484K, committed 100696K, reserved 1136640K
  class space    used 12750K, capacity 13652K, committed 13696K, reserved 1048576K
GC Heap History (10 events):
Event: 30.943 GC heap before
{Heap before GC invocations=14 (full 3):
 PSYoungGen      total 167424K, used 149504K [0x00000000d5580000, 0x00000000e1f80000, 0x0000000100000000)
  eden space 149504K, 100% used [0x00000000d5580000,0x00000000de780000,0x00000000de780000)
  from space 17920K, 0% used [0x00000000dfd80000,0x00000000dfd80000,0x00000000e0f00000)
  to   space 22528K, 0% used [0x00000000de780000,0x00000000de780000,0x00000000dfd80000)
 ParOldGen       total 124928K, used 35878K [0x0000000080000000, 0x0000000087a00000, 0x00000000d5580000)
  object space 124928K, 28% used [0x0000000080000000,0x0000000082309ab0,0x0000000087a00000)
 Metaspace       used 66343K, capacity 69192K, committed 69464K, reserved 1110016K
  class space    used 8992K, capacity 9552K, committed 9600K, reserved 1048576K
Event: 30.961 GC heap after
Heap after GC invocations=14 (full 3):
 PSYoungGen      total 172032K, used 13638K [0x00000000d5580000, 0x00000000e3380000, 0x0000000100000000)
  eden space 149504K, 0% used [0x00000000d5580000,0x00000000d5580000,0x00000000de780000)
  from space 22528K, 60% used [0x00000000de780000,0x00000000df4d1890,0x00000000dfd80000)
  to   space 22528K, 0% used [0x00000000e1d80000,0x00000000e1d80000,0x00000000e3380000)
 ParOldGen       total 124928K, used 35886K [0x0000000080000000, 0x0000000087a00000, 0x00000000d5580000)
  object space 124928K, 28% used [0x0000000080000000,0x000000008230bab0,0x0000000087a00000)
 Metaspace       used 66343K, capacity 69192K, committed 69464K, reserved 1110016K
  class space    used 8992K, capacity 9552K, committed 9600K, reserved 1048576K
}
Event: 34.850 GC heap before
{Heap before GC invocations=15 (full 3):
 PSYoungGen      total 172032K, used 163142K [0x00000000d5580000, 0x00000000e3380000, 0x0000000100000000)
  eden space 149504K, 100% used [0x00000000d5580000,0x00000000de780000,0x00000000de780000)
  from space 22528K, 60% used [0x00000000de780000,0x00000000df4d1890,0x00000000dfd80000)
  to   space 22528K, 0% used [0x00000000e1d80000,0x00000000e1d80000,0x00000000e3380000)
 ParOldGen       total 124928K, used 35886K [0x0000000080000000, 0x0000000087a00000, 0x00000000d5580000)
  object space 124928K, 28% used [0x0000000080000000,0x000000008230bab0,0x0000000087a00000)
 Metaspace       used 73538K, capacity 76740K, committed 76888K, reserved 1116160K
  class space    used 9997K, capacity 10619K, committed 10624K, reserved 1048576K
Event: 34.872 GC heap after
Heap after GC invocations=15 (full 3):
 PSYoungGen      total 202240K, used 20034K [0x00000000d5580000, 0x00000000e3800000, 0x0000000100000000)
  eden space 179712K, 0% used [0x00000000d5580000,0x00000000d5580000,0x00000000e0500000)
  from space 22528K, 88% used [0x00000000e1d80000,0x00000000e3110960,0x00000000e3380000)
  to   space 25088K, 0% used [0x00000000e0500000,0x00000000e0500000,0x00000000e1d80000)
 ParOldGen       total 124928K, used 35894K [0x0000000080000000, 0x0000000087a00000, 0x00000000d5580000)
  object space 124928K, 28% used [0x0000000080000000,0x000000008230dab0,0x0000000087a00000)
 Metaspace       used 73538K, capacity 76740K, committed 76888K, reserved 1116160K
  class space    used 9997K, capacity 10619K, committed 10624K, reserved 1048576K
}
Event: 1064.458 GC heap before
{Heap before GC invocations=16 (full 3):
 PSYoungGen      total 202240K, used 199746K [0x00000000d5580000, 0x00000000e3800000, 0x0000000100000000)
  eden space 179712K, 100% used [0x00000000d5580000,0x00000000e0500000,0x00000000e0500000)
  from space 22528K, 88% used [0x00000000e1d80000,0x00000000e3110960,0x00000000e3380000)
  to   space 25088K, 0% used [0x00000000e0500000,0x00000000e0500000,0x00000000e1d80000)
 ParOldGen       total 124928K, used 35894K [0x0000000080000000, 0x0000000087a00000, 0x00000000d5580000)
  object space 124928K, 28% used [0x0000000080000000,0x000000008230dab0,0x0000000087a00000)
 Metaspace       used 86554K, capacity 90386K, committed 90712K, reserved 1128448K
  class space    used 11484K, capacity 12311K, committed 12416K, reserved 1048576K
Event: 1064.486 GC heap after
Heap after GC invocations=16 (full 3):
 PSYoungGen      total 198656K, used 25067K [0x00000000d5580000, 0x00000000e3c00000, 0x0000000100000000)
  eden space 173568K, 0% used [0x00000000d5580000,0x00000000d5580000,0x00000000dff00000)
  from space 25088K, 99% used [0x00000000e0500000,0x00000000e1d7add0,0x00000000e1d80000)
  to   space 31232K, 0% used [0x00000000e1d80000,0x00000000e1d80000,0x00000000e3c00000)
 ParOldGen       total 124928K, used 43265K [0x0000000080000000, 0x0000000087a00000, 0x00000000d5580000)
  object space 124928K, 34% used [0x0000000080000000,0x0000000082a40618,0x0000000087a00000)
 Metaspace       used 86554K, capacity 90386K, committed 90712K, reserved 1128448K
  class space    used 11484K, capacity 12311K, committed 12416K, reserved 1048576K
}
Event: 1068.178 GC heap before
{Heap before GC invocations=17 (full 3):
 PSYoungGen      total 198656K, used 130910K [0x00000000d5580000, 0x00000000e3c00000, 0x0000000100000000)
  eden space 173568K, 60% used [0x00000000d5580000,0x00000000dbcdce08,0x00000000dff00000)
  from space 25088K, 99% used [0x00000000e0500000,0x00000000e1d7add0,0x00000000e1d80000)
  to   space 31232K, 0% used [0x00000000e1d80000,0x00000000e1d80000,0x00000000e3c00000)
 ParOldGen       total 124928K, used 43265K [0x0000000080000000, 0x0000000087a00000, 0x00000000d5580000)
  object space 124928K, 34% used [0x0000000080000000,0x0000000082a40618,0x0000000087a00000)
 Metaspace       used 94211K, capacity 98258K, committed 98380K, reserved 1134592K
  class space    used 12425K, capacity 13283K, committed 13312K, reserved 1048576K
Event: 1068.205 GC heap after
Heap after GC invocations=17 (full 3):
 PSYoungGen      total 197632K, used 31231K [0x00000000d5580000, 0x00000000e4480000, 0x0000000100000000)
  eden space 166400K, 0% used [0x00000000d5580000,0x00000000d5580000,0x00000000df800000)
  from space 31232K, 99% used [0x00000000e1d80000,0x00000000e3bfffc8,0x00000000e3c00000)
  to   space 38400K, 0% used [0x00000000df800000,0x00000000df800000,0x00000000e1d80000)
 ParOldGen       total 124928K, used 49985K [0x0000000080000000, 0x0000000087a00000, 0x00000000d5580000)
  object space 124928K, 40% used [0x0000000080000000,0x00000000830d05c8,0x0000000087a00000)
 Metaspace       used 94211K, capacity 98258K, committed 98380K, reserved 1134592K
  class space    used 12425K, capacity 13283K, committed 13312K, reserved 1048576K
}
Event: 1068.205 GC heap before
{Heap before GC invocations=18 (full 4):
 PSYoungGen      total 197632K, used 31231K [0x00000000d5580000, 0x00000000e4480000, 0x0000000100000000)
  eden space 166400K, 0% used [0x00000000d5580000,0x00000000d5580000,0x00000000df800000)
  from space 31232K, 99% used [0x00000000e1d80000,0x00000000e3bfffc8,0x00000000e3c00000)
  to   space 38400K, 0% used [0x00000000df800000,0x00000000df800000,0x00000000e1d80000)
 ParOldGen       total 124928K, used 49985K [0x0000000080000000, 0x0000000087a00000, 0x00000000d5580000)
  object space 124928K, 40% used [0x0000000080000000,0x00000000830d05c8,0x0000000087a00000)
 Metaspace       used 94211K, capacity 98258K, committed 98380K, reserved 1134592K
  class space    used 12425K, capacity 13283K, committed 13312K, reserved 1048576K
Event: 1068.355 GC heap after
Heap after GC invocations=18 (full 4):
 PSYoungGen      total 197632K, used 0K [0x00000000d5580000, 0x00000000e4480000, 0x0000000100000000)
  eden space 166400K, 0% used [0x00000000d5580000,0x00000000d5580000,0x00000000df800000)
  from space 31232K, 0% used [0x00000000e1d80000,0x00000000e1d80000,0x00000000e3c00000)
  to   space 38400K, 0% used [0x00000000df800000,0x00000000df800000,0x00000000e1d80000)
 ParOldGen       total 182784K, used 61663K [0x0000000080000000, 0x000000008b280000, 0x00000000d5580000)
  object space 182784K, 33% used [0x0000000080000000,0x0000000083c37cf0,0x000000008b280000)
 Metaspace       used 94200K, capacity 98228K, committed 98380K, reserved 1134592K
  class space    used 12422K, capacity 13278K, committed 13312K, reserved 1048576K
}

